<?xml version="1.0" encoding="UTF-8" ?>
<testsuites>
  <testsuite errors="0" failures="0" hostname="Thanakorn-PC" id="0" name="VideoControllerTests" package="videostorage" tests="1" time="0.204" timestamp="2556-05-19T10:06:25">
      <properties />

      <testcase classname="videostorage.VideoControllerTests" name="testSomething" time="0.138" />

      <system-out><![CDATA[--Output from testSomething--
]]></system-out>

      <system-err><![CDATA[--Output from testSomething--
]]></system-err>

  </testsuite>
  <testsuite errors="0" failures="0" hostname="Thanakorn-PC" id="1" name="VideoTests" package="videostorage" tests="2" time="0.076" timestamp="2556-05-19T10:06:26">
      <properties />

      <testcase classname="videostorage.VideoTests" name="testCreateVideo" time="0.055" />

      <testcase classname="videostorage.VideoTests" name="testGetYoutubeKey" time="0.017" />

      <system-out><![CDATA[--Output from testCreateVideo--
--Output from testGetYoutubeKey--
]]></system-out>

      <system-err><![CDATA[--Output from testCreateVideo--
--Output from testGetYoutubeKey--
]]></system-err>

  </testsuite>
</testsuites>
