<?xml version="1.0" encoding="UTF-8" ?>
<testsuites>
  <testsuite errors="0" failures="0" hostname="Thanakorn-PC" id="0" name="VideoControllerTests" package="videostorage" tests="1" time="1.28" timestamp="2556-05-19T08:51:06">
      <properties />

      <testcase classname="videostorage.VideoControllerTests" name="testSomething" time="1.071" />

      <system-out><![CDATA[--Output from testSomething--
]]></system-out>

      <system-err><![CDATA[--Output from testSomething--
]]></system-err>

  </testsuite>
  <testsuite errors="0" failures="0" hostname="Thanakorn-PC" id="1" name="VideoTests" package="videostorage" tests="1" time="0.372" timestamp="2556-05-19T08:51:07">
      <properties />

      <testcase classname="videostorage.VideoTests" name="testCreateVideo" time="0.368" />

      <system-out><![CDATA[--Output from testCreateVideo--
]]></system-out>

      <system-err><![CDATA[--Output from testCreateVideo--
]]></system-err>

  </testsuite>
</testsuites>
